<?xml version="1.0" encoding="UTF-8"?>
<testsuite name="demo.courseapi.course.ApplicationTest" time="0.011" tests="1" errors="1" skipped="0" failures="0">
  <properties>
[...]
</properties>
  <testcase name="initializationError" classname="demo.courseapi.course.ApplicationTest" time="0.011">
    <error message="Unable to find a @SpringBootConfiguration, you need to use @ContextConfiguration or @SpringBootTest(classes=...) with your test" type="java.lang.IllegalStateException"><![CDATA[java.lang.IllegalStateException: Unable to find a @SpringBootConfiguration, you need to use @ContextConfiguration or @SpringBootTest(classes=...) with your test
	at org.springframework.util.Assert.state(Assert.java:73)
	at org.springframework.boot.test.context.SpringBootTestContextBootstrapper.getOrFindConfigurationClasses(SpringBootTestContextBootstrapper.java:240)
	at org.springframework.boot.test.context.SpringBootTestContextBootstrapper.processMergedContextConfiguration(SpringBootTestContextBootstrapper.java:153)
	at org.springframework.test.context.support.AbstractTestContextBootstrapper.buildMergedContextConfiguration(AbstractTestContextBootstrapper.java:396)
	at org.springframework.test.context.support.AbstractTestContextBootstrapper.buildDefaultMergedContextConfiguration(AbstractTestContextBootstrapper.java:312)
	at org.springframework.test.context.support.AbstractTestContextBootstrapper.buildMergedContextConfiguration(AbstractTestContextBootstrapper.java:265)
	at org.springframework.test.context.support.AbstractTestContextBootstrapper.buildTestContext(AbstractTestContextBootstrapper.java:108)
	at org.springframework.boot.test.context.SpringBootTestContextBootstrapper.buildTestContext(SpringBootTestContextBootstrapper.java:97)
	at org.springframework.test.context.TestContextManager.<init>(TestContextManager.java:135)
	at org.springframework.test.context.TestContextManager.<init>(TestContextManager.java:120)
	at org.springframework.test.context.junit4.SpringJUnit4ClassRunner.createTestContextManager(SpringJUnit4ClassRunner.java:151)
	at org.springframework.test.context.junit4.SpringJUnit4ClassRunner.<init>(SpringJUnit4ClassRunner.java:142)
	at org.springframework.test.context.junit4.SpringRunner.<init>(SpringRunner.java:49)
	at java.base/jdk.internal.reflect.NativeConstructorAccessorImpl.newInstance0(Native Method)
	at java.base/jdk.internal.reflect.NativeConstructorAccessorImpl.newInstance(NativeConstructorAccessorImpl.java:62)
	at java.base/jdk.internal.reflect.DelegatingConstructorAccessorImpl.newInstance(DelegatingConstructorAccessorImpl.java:45)
	at java.base/java.lang.reflect.Constructor.newInstance(Constructor.java:488)
	at org.junit.internal.builders.AnnotatedBuilder.buildRunner(AnnotatedBuilder.java:104)
	at org.junit.internal.builders.AnnotatedBuilder.runnerForClass(AnnotatedBuilder.java:86)
	at org.junit.runners.model.RunnerBuilder.safeRunnerForClass(RunnerBuilder.java:59)
	at org.junit.internal.builders.AllDefaultPossibilitiesBuilder.runnerForClass(AllDefaultPossibilitiesBuilder.java:26)
	at org.junit.runners.model.RunnerBuilder.safeRunnerForClass(RunnerBuilder.java:59)
	at org.junit.internal.requests.ClassRequest.getRunner(ClassRequest.java:33)
	at org.apache.maven.surefire.junit4.JUnit4Provider.execute(JUnit4Provider.java:262)
	at org.apache.maven.surefire.junit4.JUnit4Provider.executeTestSet(JUnit4Provider.java:153)
	at org.apache.maven.surefire.junit4.JUnit4Provider.invoke(JUnit4Provider.java:124)
	at org.apache.maven.surefire.booter.ForkedBooter.invokeProviderInSameClassLoader(ForkedBooter.java:200)
	at org.apache.maven.surefire.booter.ForkedBooter.runSuitesInProcess(ForkedBooter.java:153)
	at org.apache.maven.surefire.booter.ForkedBooter.main(ForkedBooter.java:103)
]]></error>
    <system-out>12:50:26.203 [main] DEBUG org.springframework.test.context.junit4.SpringJUnit4ClassRunner - SpringJUnit4ClassRunner constructor called with [class demo.courseapi.course.ApplicationTest]
12:50:26.215 [main] DEBUG org.springframework.test.context.BootstrapUtils - Instantiating CacheAwareContextLoaderDelegate from class [org.springframework.test.context.cache.DefaultCacheAwareContextLoaderDelegate]
12:50:26.229 [main] DEBUG org.springframework.test.context.BootstrapUtils - Instantiating BootstrapContext using constructor [public org.springframework.test.context.support.DefaultBootstrapContext(java.lang.Class,org.springframework.test.context.CacheAwareContextLoaderDelegate)]
12:50:26.260 [main] DEBUG org.springframework.test.context.BootstrapUtils - Instantiating TestContextBootstrapper for test class [demo.courseapi.course.ApplicationTest] from class [org.springframework.boot.test.context.SpringBootTestContextBootstrapper]
12:50:26.280 [main] INFO org.springframework.boot.test.context.SpringBootTestContextBootstrapper - Neither @ContextConfiguration nor @ContextHierarchy found for test class [demo.courseapi.course.ApplicationTest], using SpringBootContextLoader
12:50:26.289 [main] DEBUG org.springframework.test.context.support.AbstractContextLoader - Did not detect default resource location for test class [demo.courseapi.course.ApplicationTest]: class path resource [demo/courseapi/course/ApplicationTest-context.xml] does not exist
12:50:26.290 [main] DEBUG org.springframework.test.context.support.AbstractContextLoader - Did not detect default resource location for test class [demo.courseapi.course.ApplicationTest]: class path resource [demo/courseapi/course/ApplicationTestContext.groovy] does not exist
12:50:26.290 [main] INFO org.springframework.test.context.support.AbstractContextLoader - Could not detect default resource locations for test class [demo.courseapi.course.ApplicationTest]: no resource found for suffixes {-context.xml, Context.groovy}.
12:50:26.292 [main] INFO org.springframework.test.context.support.AnnotationConfigContextLoaderUtils - Could not detect default configuration classes for test class [demo.courseapi.course.ApplicationTest]: ApplicationTest does not declare any static, non-private, non-final, nested classes annotated with @Configuration.
12:50:26.349 [main] DEBUG org.springframework.test.context.support.ActiveProfilesUtils - Could not find an 'annotation declaring class' for annotation type [org.springframework.test.context.ActiveProfiles] and class [demo.courseapi.course.ApplicationTest]
12:50:26.360 [main] DEBUG org.springframework.core.env.StandardEnvironment - Adding PropertySource 'systemProperties' with lowest search precedence
12:50:26.361 [main] DEBUG org.springframework.core.env.StandardEnvironment - Adding PropertySource 'systemEnvironment' with lowest search precedence
12:50:26.361 [main] DEBUG org.springframework.core.env.StandardEnvironment - Initialized StandardEnvironment with PropertySources [MapPropertySource@1962586186 {name='systemProperties', properties={sun.desktop=windows, awt.toolkit=sun.awt.windows.WToolkit, java.specification.version=9, file.encoding.pkg=sun.io, sun.cpu.isalist=amd64, sun.jnu.encoding=Cp1252, java.class.path=c:\Users\kyleg\Documents\Git\Magenic\gs-consuming-rest\target\test-classes;c:\Users\kyleg\Documents\Git\Magenic\gs-consuming-rest\target\classes;C:\Users\kyleg\.m2\repository\org\springframework\boot\spring-boot-starter-web\2.0.0.RELEASE\spring-boot-starter-web-2.0.0.RELEASE.jar;C:\Users\kyleg\.m2\repository\org\springframework\boot\spring-boot-starter-json\2.0.0.RELEASE\spring-boot-starter-json-2.0.0.RELEASE.jar;C:\Users\kyleg\.m2\repository\com\fasterxml\jackson\datatype\jackson-datatype-jdk8\2.9.4\jackson-datatype-jdk8-2.9.4.jar;C:\Users\kyleg\.m2\repository\com\fasterxml\jackson\datatype\jackson-datatype-jsr310\2.9.4\jackson-datatype-jsr310-2.9.4.jar;C:\Users\kyleg\.m2\repository\com\fasterxml\jackson\module\jackson-module-parameter-names\2.9.4\jackson-module-parameter-names-2.9.4.jar;C:\Users\kyleg\.m2\repository\org\springframework\boot\spring-boot-starter-tomcat\2.0.0.RELEASE\spring-boot-starter-tomcat-2.0.0.RELEASE.jar;C:\Users\kyleg\.m2\repository\org\apache\tomcat\embed\tomcat-embed-core\8.5.28\tomcat-embed-core-8.5.28.jar;C:\Users\kyleg\.m2\repository\org\apache\tomcat\embed\tomcat-embed-el\8.5.28\tomcat-embed-el-8.5.28.jar;C:\Users\kyleg\.m2\repository\org\apache\tomcat\embed\tomcat-embed-websocket\8.5.28\tomcat-embed-websocket-8.5.28.jar;C:\Users\kyleg\.m2\repository\org\hibernate\validator\hibernate-validator\6.0.7.Final\hibernate-validator-6.0.7.Final.jar;C:\Users\kyleg\.m2\repository\javax\validation\validation-api\2.0.1.Final\validation-api-2.0.1.Final.jar;C:\Users\kyleg\.m2\repository\com\fasterxml\classmate\1.3.4\classmate-1.3.4.jar;C:\Users\kyleg\.m2\repository\org\springframework\spring-webmvc\5.0.4.RELEASE\spring-webmvc-5.0.4.RELEASE.jar;C:\Users\kyleg\.m2\repository\org\springframework\spring-aop\5.0.4.RELEASE\spring-aop-5.0.4.RELEASE.jar;C:\Users\kyleg\.m2\repository\org\springframework\spring-context\5.0.4.RELEASE\spring-context-5.0.4.RELEASE.jar;C:\Users\kyleg\.m2\repository\org\springframework\spring-expression\5.0.4.RELEASE\spring-expression-5.0.4.RELEASE.jar;C:\Users\kyleg\.m2\repository\org\springframework\boot\spring-boot-starter\2.0.0.RELEASE\spring-boot-starter-2.0.0.RELEASE.jar;C:\Users\kyleg\.m2\repository\org\springframework\boot\spring-boot\2.0.0.RELEASE\spring-boot-2.0.0.RELEASE.jar;C:\Users\kyleg\.m2\repository\org\springframework\boot\spring-boot-autoconfigure\2.0.0.RELEASE\spring-boot-autoconfigure-2.0.0.RELEASE.jar;C:\Users\kyleg\.m2\repository\org\springframework\boot\spring-boot-starter-logging\2.0.0.RELEASE\spring-boot-starter-logging-2.0.0.RELEASE.jar;C:\Users\kyleg\.m2\repository\ch\qos\logback\logback-classic\1.2.3\logback-classic-1.2.3.jar;C:\Users\kyleg\.m2\repository\ch\qos\logback\logback-core\1.2.3\logback-core-1.2.3.jar;C:\Users\kyleg\.m2\repository\org\apache\logging\log4j\log4j-to-slf4j\2.10.0\log4j-to-slf4j-2.10.0.jar;C:\Users\kyleg\.m2\repository\org\apache\logging\log4j\log4j-api\2.10.0\log4j-api-2.10.0.jar;C:\Users\kyleg\.m2\repository\org\slf4j\jul-to-slf4j\1.7.25\jul-to-slf4j-1.7.25.jar;C:\Users\kyleg\.m2\repository\javax\annotation\javax.annotation-api\1.3.2\javax.annotation-api-1.3.2.jar;C:\Users\kyleg\.m2\repository\org\springframework\spring-core\5.0.4.RELEASE\spring-core-5.0.4.RELEASE.jar;C:\Users\kyleg\.m2\repository\org\springframework\spring-jcl\5.0.4.RELEASE\spring-jcl-5.0.4.RELEASE.jar;C:\Users\kyleg\.m2\repository\org\yaml\snakeyaml\1.19\snakeyaml-1.19.jar;C:\Users\kyleg\.m2\repository\org\springframework\spring-web\5.0.4.RELEASE\spring-web-5.0.4.RELEASE.jar;C:\Users\kyleg\.m2\repository\org\springframework\spring-beans\5.0.4.RELEASE\spring-beans-5.0.4.RELEASE.jar;C:\Users\kyleg\.m2\repository\com\fasterxml\jackson\core\jackson-databind\2.9.4\jackson-databind-2.9.4.jar;C:\Users\kyleg\.m2\repository\com\fasterxml\jackson\core\jackson-annotations\2.9.0\jackson-annotations-2.9.0.jar;C:\Users\kyleg\.m2\repository\com\fasterxml\jackson\core\jackson-core\2.9.4\jackson-core-2.9.4.jar;C:\Users\kyleg\.m2\repository\org\springframework\boot\spring-boot-starter-test\2.0.0.RELEASE\spring-boot-starter-test-2.0.0.RELEASE.jar;C:\Users\kyleg\.m2\repository\org\springframework\boot\spring-boot-test\2.0.0.RELEASE\spring-boot-test-2.0.0.RELEASE.jar;C:\Users\kyleg\.m2\repository\org\springframework\boot\spring-boot-test-autoconfigure\2.0.0.RELEASE\spring-boot-test-autoconfigure-2.0.0.RELEASE.jar;C:\Users\kyleg\.m2\repository\com\jayway\jsonpath\json-path\2.4.0\json-path-2.4.0.jar;C:\Users\kyleg\.m2\repository\net\minidev\json-smart\2.3\json-smart-2.3.jar;C:\Users\kyleg\.m2\repository\net\minidev\accessors-smart\1.2\accessors-smart-1.2.jar;C:\Users\kyleg\.m2\repository\org\ow2\asm\asm\5.0.4\asm-5.0.4.jar;C:\Users\kyleg\.m2\repository\org\slf4j\slf4j-api\1.7.25\slf4j-api-1.7.25.jar;C:\Users\kyleg\.m2\repository\junit\junit\4.12\junit-4.12.jar;C:\Users\kyleg\.m2\repository\org\assertj\assertj-core\3.9.1\assertj-core-3.9.1.jar;C:\Users\kyleg\.m2\repository\org\mockito\mockito-core\2.15.0\mockito-core-2.15.0.jar;C:\Users\kyleg\.m2\repository\net\bytebuddy\byte-buddy-agent\1.7.10\byte-buddy-agent-1.7.10.jar;C:\Users\kyleg\.m2\repository\org\objenesis\objenesis\2.6\objenesis-2.6.jar;C:\Users\kyleg\.m2\repository\org\hamcrest\hamcrest-core\1.3\hamcrest-core-1.3.jar;C:\Users\kyleg\.m2\repository\org\hamcrest\hamcrest-library\1.3\hamcrest-library-1.3.jar;C:\Users\kyleg\.m2\repository\org\skyscreamer\jsonassert\1.5.0\jsonassert-1.5.0.jar;C:\Users\kyleg\.m2\repository\com\vaadin\external\google\android-json\0.0.20131108.vaadin1\android-json-0.0.20131108.vaadin1.jar;C:\Users\kyleg\.m2\repository\org\springframework\spring-test\5.0.4.RELEASE\spring-test-5.0.4.RELEASE.jar;C:\Users\kyleg\.m2\repository\org\xmlunit\xmlunit-core\2.5.1\xmlunit-core-2.5.1.jar;C:\Users\kyleg\.m2\repository\org\springframework\boot\spring-boot-starter-data-jpa\2.0.0.RELEASE\spring-boot-starter-data-jpa-2.0.0.RELEASE.jar;C:\Users\kyleg\.m2\repository\org\springframework\boot\spring-boot-starter-aop\2.0.0.RELEASE\spring-boot-starter-aop-2.0.0.RELEASE.jar;C:\Users\kyleg\.m2\repository\org\aspectj\aspectjweaver\1.8.13\aspectjweaver-1.8.13.jar;C:\Users\kyleg\.m2\repository\org\springframework\boot\spring-boot-starter-jdbc\2.0.0.RELEASE\spring-boot-starter-jdbc-2.0.0.RELEASE.jar;C:\Users\kyleg\.m2\repository\com\zaxxer\HikariCP\2.7.8\HikariCP-2.7.8.jar;C:\Users\kyleg\.m2\repository\org\springframework\spring-jdbc\5.0.4.RELEASE\spring-jdbc-5.0.4.RELEASE.jar;C:\Users\kyleg\.m2\repository\org\hibernate\hibernate-core\5.2.14.Final\hibernate-core-5.2.14.Final.jar;C:\Users\kyleg\.m2\repository\antlr\antlr\2.7.7\antlr-2.7.7.jar;C:\Users\kyleg\.m2\repository\org\jboss\jandex\2.0.3.Final\jandex-2.0.3.Final.jar;C:\Users\kyleg\.m2\repository\javax\transaction\javax.transaction-api\1.2\javax.transaction-api-1.2.jar;C:\Users\kyleg\.m2\repository\org\springframework\data\spring-data-jpa\2.0.5.RELEASE\spring-data-jpa-2.0.5.RELEASE.jar;C:\Users\kyleg\.m2\repository\org\springframework\data\spring-data-commons\2.0.5.RELEASE\spring-data-commons-2.0.5.RELEASE.jar;C:\Users\kyleg\.m2\repository\org\springframework\spring-orm\5.0.4.RELEASE\spring-orm-5.0.4.RELEASE.jar;C:\Users\kyleg\.m2\repository\org\springframework\spring-tx\5.0.4.RELEASE\spring-tx-5.0.4.RELEASE.jar;C:\Users\kyleg\.m2\repository\org\springframework\spring-aspects\5.0.4.RELEASE\spring-aspects-5.0.4.RELEASE.jar;C:\Users\kyleg\.m2\repository\org\apache\derby\derby\10.14.1.0\derby-10.14.1.0.jar;C:\Users\kyleg\.m2\repository\mysql\mysql-connector-java\6.0.6\mysql-connector-java-6.0.6.jar;C:\Users\kyleg\.m2\repository\javax\xml\bind\jaxb-api\2.3.0\jaxb-api-2.3.0.jar;C:\Users\kyleg\.m2\repository\org\hibernate\hibernate-entitymanager\5.2.14.Final\hibernate-entitymanager-5.2.14.Final.jar;C:\Users\kyleg\.m2\repository\org\jboss\logging\jboss-logging\3.3.2.Final\jboss-logging-3.3.2.Final.jar;C:\Users\kyleg\.m2\repository\dom4j\dom4j\1.6.1\dom4j-1.6.1.jar;C:\Users\kyleg\.m2\repository\org\hibernate\common\hibernate-commons-annotations\5.0.1.Final\hibernate-commons-annotations-5.0.1.Final.jar;C:\Users\kyleg\.m2\repository\org\hibernate\javax\persistence\hibernate-jpa-2.1-api\1.0.0.Final\hibernate-jpa-2.1-api-1.0.0.Final.jar;C:\Users\kyleg\.m2\repository\org\javassist\javassist\3.22.0-GA\javassist-3.22.0-GA.jar;C:\Users\kyleg\.m2\repository\net\bytebuddy\byte-buddy\1.7.10\byte-buddy-1.7.10.jar;C:\Users\kyleg\.m2\repository\org\jboss\spec\javax\transaction\jboss-transaction-api_1.2_spec\1.0.1.Final\jboss-transaction-api_1.2_spec-1.0.1.Final.jar;C:\Users\kyleg\.m2\repository\javax\servlet\jstl\1.2\jstl-1.2.jar;C:\Users\kyleg\.m2\repository\commons-pool\commons-pool\1.6\commons-pool-1.6.jar;, java.vm.vendor=Oracle Corporation, sun.arch.data.model=64, user.variant=, java.vendor.url=http://java.oracle.com/, user.timezone=America/Chicago, os.name=Windows 10, java.vm.specification.version=9, sun.java.launcher=SUN_STANDARD, user.country=US, sun.boot.library.path=C:\Program Files\Java\jdk-9.0.4\bin, sun.java.command=c:\Users\kyleg\Documents\Git\Magenic\gs-consuming-rest\target\surefire\surefirebooter15979748215242981659.jar c:\Users\kyleg\Documents\Git\Magenic\gs-consuming-rest\target\surefire\surefire14881428468794011122tmp c:\Users\kyleg\Documents\Git\Magenic\gs-consuming-rest\target\surefire\surefire_013440990075673574811tmp, jdk.debug=release, surefire.test.class.path=c:\Users\kyleg\Documents\Git\Magenic\gs-consuming-rest\target\test-classes;c:\Users\kyleg\Documents\Git\Magenic\gs-consuming-rest\target\classes;C:\Users\kyleg\.m2\repository\org\springframework\boot\spring-boot-starter-web\2.0.0.RELEASE\spring-boot-starter-web-2.0.0.RELEASE.jar;C:\Users\kyleg\.m2\repository\org\springframework\boot\spring-boot-starter-json\2.0.0.RELEASE\spring-boot-starter-json-2.0.0.RELEASE.jar;C:\Users\kyleg\.m2\repository\com\fasterxml\jackson\datatype\jackson-datatype-jdk8\2.9.4\jackson-datatype-jdk8-2.9.4.jar;C:\Users\kyleg\.m2\repository\com\fasterxml\jackson\datatype\jackson-datatype-jsr310\2.9.4\jackson-datatype-jsr310-2.9.4.jar;C:\Users\kyleg\.m2\repository\com\fasterxml\jackson\module\jackson-module-parameter-names\2.9.4\jackson-module-parameter-names-2.9.4.jar;C:\Users\kyleg\.m2\repository\org\springframework\boot\spring-boot-starter-tomcat\2.0.0.RELEASE\spring-boot-starter-tomcat-2.0.0.RELEASE.jar;C:\Users\kyleg\.m2\repository\org\apache\tomcat\embed\tomcat-embed-core\8.5.28\tomcat-embed-core-8.5.28.jar;C:\Users\kyleg\.m2\repository\org\apache\tomcat\embed\tomcat-embed-el\8.5.28\tomcat-embed-el-8.5.28.jar;C:\Users\kyleg\.m2\repository\org\apache\tomcat\embed\tomcat-embed-websocket\8.5.28\tomcat-embed-websocket-8.5.28.jar;C:\Users\kyleg\.m2\repository\org\hibernate\validator\hibernate-validator\6.0.7.Final\hibernate-validator-6.0.7.Final.jar;C:\Users\kyleg\.m2\repository\javax\validation\validation-api\2.0.1.Final\validation-api-2.0.1.Final.jar;C:\Users\kyleg\.m2\repository\com\fasterxml\classmate\1.3.4\classmate-1.3.4.jar;C:\Users\kyleg\.m2\repository\org\springframework\spring-webmvc\5.0.4.RELEASE\spring-webmvc-5.0.4.RELEASE.jar;C:\Users\kyleg\.m2\repository\org\springframework\spring-aop\5.0.4.RELEASE\spring-aop-5.0.4.RELEASE.jar;C:\Users\kyleg\.m2\repository\org\springframework\spring-context\5.0.4.RELEASE\spring-context-5.0.4.RELEASE.jar;C:\Users\kyleg\.m2\repository\org\springframework\spring-expression\5.0.4.RELEASE\spring-expression-5.0.4.RELEASE.jar;C:\Users\kyleg\.m2\repository\org\springframework\boot\spring-boot-starter\2.0.0.RELEASE\spring-boot-starter-2.0.0.RELEASE.jar;C:\Users\kyleg\.m2\repository\org\springframework\boot\spring-boot\2.0.0.RELEASE\spring-boot-2.0.0.RELEASE.jar;C:\Users\kyleg\.m2\repository\org\springframework\boot\spring-boot-autoconfigure\2.0.0.RELEASE\spring-boot-autoconfigure-2.0.0.RELEASE.jar;C:\Users\kyleg\.m2\repository\org\springframework\boot\spring-boot-starter-logging\2.0.0.RELEASE\spring-boot-starter-logging-2.0.0.RELEASE.jar;C:\Users\kyleg\.m2\repository\ch\qos\logback\logback-classic\1.2.3\logback-classic-1.2.3.jar;C:\Users\kyleg\.m2\repository\ch\qos\logback\logback-core\1.2.3\logback-core-1.2.3.jar;C:\Users\kyleg\.m2\repository\org\apache\logging\log4j\log4j-to-slf4j\2.10.0\log4j-to-slf4j-2.10.0.jar;C:\Users\kyleg\.m2\repository\org\apache\logging\log4j\log4j-api\2.10.0\log4j-api-2.10.0.jar;C:\Users\kyleg\.m2\repository\org\slf4j\jul-to-slf4j\1.7.25\jul-to-slf4j-1.7.25.jar;C:\Users\kyleg\.m2\repository\javax\annotation\javax.annotation-api\1.3.2\javax.annotation-api-1.3.2.jar;C:\Users\kyleg\.m2\repository\org\springframework\spring-core\5.0.4.RELEASE\spring-core-5.0.4.RELEASE.jar;C:\Users\kyleg\.m2\repository\org\springframework\spring-jcl\5.0.4.RELEASE\spring-jcl-5.0.4.RELEASE.jar;C:\Users\kyleg\.m2\repository\org\yaml\snakeyaml\1.19\snakeyaml-1.19.jar;C:\Users\kyleg\.m2\repository\org\springframework\spring-web\5.0.4.RELEASE\spring-web-5.0.4.RELEASE.jar;C:\Users\kyleg\.m2\repository\org\springframework\spring-beans\5.0.4.RELEASE\spring-beans-5.0.4.RELEASE.jar;C:\Users\kyleg\.m2\repository\com\fasterxml\jackson\core\jackson-databind\2.9.4\jackson-databind-2.9.4.jar;C:\Users\kyleg\.m2\repository\com\fasterxml\jackson\core\jackson-annotations\2.9.0\jackson-annotations-2.9.0.jar;C:\Users\kyleg\.m2\repository\com\fasterxml\jackson\core\jackson-core\2.9.4\jackson-core-2.9.4.jar;C:\Users\kyleg\.m2\repository\org\springframework\boot\spring-boot-starter-test\2.0.0.RELEASE\spring-boot-starter-test-2.0.0.RELEASE.jar;C:\Users\kyleg\.m2\repository\org\springframework\boot\spring-boot-test\2.0.0.RELEASE\spring-boot-test-2.0.0.RELEASE.jar;C:\Users\kyleg\.m2\repository\org\springframework\boot\spring-boot-test-autoconfigure\2.0.0.RELEASE\spring-boot-test-autoconfigure-2.0.0.RELEASE.jar;C:\Users\kyleg\.m2\repository\com\jayway\jsonpath\json-path\2.4.0\json-path-2.4.0.jar;C:\Users\kyleg\.m2\repository\net\minidev\json-smart\2.3\json-smart-2.3.jar;C:\Users\kyleg\.m2\repository\net\minidev\accessors-smart\1.2\accessors-smart-1.2.jar;C:\Users\kyleg\.m2\repository\org\ow2\asm\asm\5.0.4\asm-5.0.4.jar;C:\Users\kyleg\.m2\repository\org\slf4j\slf4j-api\1.7.25\slf4j-api-1.7.25.jar;C:\Users\kyleg\.m2\repository\junit\junit\4.12\junit-4.12.jar;C:\Users\kyleg\.m2\repository\org\assertj\assertj-core\3.9.1\assertj-core-3.9.1.jar;C:\Users\kyleg\.m2\repository\org\mockito\mockito-core\2.15.0\mockito-core-2.15.0.jar;C:\Users\kyleg\.m2\repository\net\bytebuddy\byte-buddy-agent\1.7.10\byte-buddy-agent-1.7.10.jar;C:\Users\kyleg\.m2\repository\org\objenesis\objenesis\2.6\objenesis-2.6.jar;C:\Users\kyleg\.m2\repository\org\hamcrest\hamcrest-core\1.3\hamcrest-core-1.3.jar;C:\Users\kyleg\.m2\repository\org\hamcrest\hamcrest-library\1.3\hamcrest-library-1.3.jar;C:\Users\kyleg\.m2\repository\org\skyscreamer\jsonassert\1.5.0\jsonassert-1.5.0.jar;C:\Users\kyleg\.m2\repository\com\vaadin\external\google\android-json\0.0.20131108.vaadin1\android-json-0.0.20131108.vaadin1.jar;C:\Users\kyleg\.m2\repository\org\springframework\spring-test\5.0.4.RELEASE\spring-test-5.0.4.RELEASE.jar;C:\Users\kyleg\.m2\repository\org\xmlunit\xmlunit-core\2.5.1\xmlunit-core-2.5.1.jar;C:\Users\kyleg\.m2\repository\org\springframework\boot\spring-boot-starter-data-jpa\2.0.0.RELEASE\spring-boot-starter-data-jpa-2.0.0.RELEASE.jar;C:\Users\kyleg\.m2\repository\org\springframework\boot\spring-boot-starter-aop\2.0.0.RELEASE\spring-boot-starter-aop-2.0.0.RELEASE.jar;C:\Users\kyleg\.m2\repository\org\aspectj\aspectjweaver\1.8.13\aspectjweaver-1.8.13.jar;C:\Users\kyleg\.m2\repository\org\springframework\boot\spring-boot-starter-jdbc\2.0.0.RELEASE\spring-boot-starter-jdbc-2.0.0.RELEASE.jar;C:\Users\kyleg\.m2\repository\com\zaxxer\HikariCP\2.7.8\HikariCP-2.7.8.jar;C:\Users\kyleg\.m2\repository\org\springframework\spring-jdbc\5.0.4.RELEASE\spring-jdbc-5.0.4.RELEASE.jar;C:\Users\kyleg\.m2\repository\org\hibernate\hibernate-core\5.2.14.Final\hibernate-core-5.2.14.Final.jar;C:\Users\kyleg\.m2\repository\antlr\antlr\2.7.7\antlr-2.7.7.jar;C:\Users\kyleg\.m2\repository\org\jboss\jandex\2.0.3.Final\jandex-2.0.3.Final.jar;C:\Users\kyleg\.m2\repository\javax\transaction\javax.transaction-api\1.2\javax.transaction-api-1.2.jar;C:\Users\kyleg\.m2\repository\org\springframework\data\spring-data-jpa\2.0.5.RELEASE\spring-data-jpa-2.0.5.RELEASE.jar;C:\Users\kyleg\.m2\repository\org\springframework\data\spring-data-commons\2.0.5.RELEASE\spring-data-commons-2.0.5.RELEASE.jar;C:\Users\kyleg\.m2\repository\org\springframework\spring-orm\5.0.4.RELEASE\spring-orm-5.0.4.RELEASE.jar;C:\Users\kyleg\.m2\repository\org\springframework\spring-tx\5.0.4.RELEASE\spring-tx-5.0.4.RELEASE.jar;C:\Users\kyleg\.m2\repository\org\springframework\spring-aspects\5.0.4.RELEASE\spring-aspects-5.0.4.RELEASE.jar;C:\Users\kyleg\.m2\repository\org\apache\derby\derby\10.14.1.0\derby-10.14.1.0.jar;C:\Users\kyleg\.m2\repository\mysql\mysql-connector-java\6.0.6\mysql-connector-java-6.0.6.jar;C:\Users\kyleg\.m2\repository\javax\xml\bind\jaxb-api\2.3.0\jaxb-api-2.3.0.jar;C:\Users\kyleg\.m2\repository\org\hibernate\hibernate-entitymanager\5.2.14.Final\hibernate-entitymanager-5.2.14.Final.jar;C:\Users\kyleg\.m2\repository\org\jboss\logging\jboss-logging\3.3.2.Final\jboss-logging-3.3.2.Final.jar;C:\Users\kyleg\.m2\repository\dom4j\dom4j\1.6.1\dom4j-1.6.1.jar;C:\Users\kyleg\.m2\repository\org\hibernate\common\hibernate-commons-annotations\5.0.1.Final\hibernate-commons-annotations-5.0.1.Final.jar;C:\Users\kyleg\.m2\repository\org\hibernate\javax\persistence\hibernate-jpa-2.1-api\1.0.0.Final\hibernate-jpa-2.1-api-1.0.0.Final.jar;C:\Users\kyleg\.m2\repository\org\javassist\javassist\3.22.0-GA\javassist-3.22.0-GA.jar;C:\Users\kyleg\.m2\repository\net\bytebuddy\byte-buddy\1.7.10\byte-buddy-1.7.10.jar;C:\Users\kyleg\.m2\repository\org\jboss\spec\javax\transaction\jboss-transaction-api_1.2_spec\1.0.1.Final\jboss-transaction-api_1.2_spec-1.0.1.Final.jar;C:\Users\kyleg\.m2\repository\javax\servlet\jstl\1.2\jstl-1.2.jar;C:\Users\kyleg\.m2\repository\commons-pool\commons-pool\1.6\commons-pool-1.6.jar;, sun.cpu.endian=little, user.home=C:\Users\kyleg, user.language=en, java.specification.vendor=Oracle Corporation, java.home=C:\Program Files\Java\jdk-9.0.4, file.separator=\, basedir=c:\Users\kyleg\Documents\Git\Magenic\gs-consuming-rest, java.vm.compressedOopsMode=Zero based, line.separator=
, java.vm.specification.vendor=Oracle Corporation, java.specification.name=Java Platform API Specification, java.awt.graphicsenv=sun.awt.Win32GraphicsEnvironment, surefire.real.class.path=c:\Users\kyleg\Documents\Git\Magenic\gs-consuming-rest\target\surefire\surefirebooter15979748215242981659.jar, user.script=, sun.management.compiler=HotSpot 64-Bit Tiered Compilers, java.runtime.version=9.0.4+11, user.name=KyleG, path.separator=;, os.version=10.0, java.runtime.name=Java(TM) SE Runtime Environment, file.encoding=Cp1252, java.vm.name=Java HotSpot(TM) 64-Bit Server VM, localRepository=C:\Users\kyleg\.m2\repository, java.vendor.url.bug=http://bugreport.java.com/bugreport/, java.io.tmpdir=C:\Users\kyleg\AppData\Local\Temp\, java.version=9.0.4, user.dir=c:\Users\kyleg\Documents\Git\Magenic\gs-consuming-rest, os.arch=amd64, java.vm.specification.name=Java Virtual Machine Specification, java.awt.printerjob=sun.awt.windows.WPrinterJob, sun.os.patch.level=, java.library.path=C:\Program Files\Java\jdk-9.0.4\bin;C:\WINDOWS\Sun\Java\bin;C:\WINDOWS\system32;C:\WINDOWS;C:\ProgramData\Oracle\Java\javapath;C:\WINDOWS\system32;C:\WINDOWS;C:\WINDOWS\System32\Wbem;C:\WINDOWS\System32\WindowsPowerShell\v1.0\;C:\Program Files\nodejs\;C:\Program Files\dotnet\;C:\Program Files\Microsoft SQL Server\130\Tools\Binn\;C:\Users\kyleg\AppData\Local\Microsoft\WindowsApps;C:\ProgramData\kyleg\GitHubDesktop\bin;C:\Program Files\Microsoft VS Code\bin;C:\Users\kyleg\AppData\Roaming\npm;C:\Program Files\Java\jdk-9.0.4\bin\;C:\Gradle\gradle-4.6\bin;C:\Program Files\spring-boot-cli-2.0.0.RELEASE-bin\spring-2.0.0.RELEASE\bin;C:\Program Files\apache-maven-3.5.2\bin;., java.vm.info=mixed mode, java.vendor=Oracle Corporation, java.vm.version=9.0.4+11, sun.io.unicode.encoding=UnicodeLittle, java.class.version=53.0}}, SystemEnvironmentPropertySource@1015236238 {name='systemEnvironment', properties={PATH=C:\ProgramData\Oracle\Java\javapath;C:\WINDOWS\system32;C:\WINDOWS;C:\WINDOWS\System32\Wbem;C:\WINDOWS\System32\WindowsPowerShell\v1.0\;C:\Program Files\nodejs\;C:\Program Files\dotnet\;C:\Program Files\Microsoft SQL Server\130\Tools\Binn\;C:\Users\kyleg\AppData\Local\Microsoft\WindowsApps;C:\ProgramData\kyleg\GitHubDesktop\bin;C:\Program Files\Microsoft VS Code\bin;C:\Users\kyleg\AppData\Roaming\npm;C:\Program Files\Java\jdk-9.0.4\bin\;C:\Gradle\gradle-4.6\bin;C:\Program Files\spring-boot-cli-2.0.0.RELEASE-bin\spring-2.0.0.RELEASE\bin;C:\Program Files\apache-maven-3.5.2\bin, USERDOMAIN_ROAMINGPROFILE=MAGENIC, PROCESSOR_LEVEL=6, SYSTEMDRIVE=C:, ALLUSERSPROFILE=C:\ProgramData, PROCESSOR_ARCHITECTURE=AMD64, VSCODE_PID=13540, FILE_ARG=c:\Users\kyleg\Documents\Git\Magenic\gs-consuming-rest\pom.xml, MAVEN_HOME=C:\Program Files\apache-maven-3.5.2\bin\.., PROGRAMFILES=C:\Program Files, PSMODULEPATH=C:\Program Files\WindowsPowerShell\Modules;C:\WINDOWS\system32\WindowsPowerShell\v1.0\Modules, PROGRAMDATA=C:\ProgramData, USERNAME=KyleG, USERDNSDOMAIN=MAGENIC.NET, TERM_PROGRAM_VERSION=1.21.0, VSCODE_NLS_CONFIG={"locale":"en-us","availableLanguages":{}}, WDIR=c:\Users\kyleg\Documents\Git\Magenic\gs-consuming-rest, FPS_BROWSER_USER_PROFILE_STRING=Default, ONEDRIVE=C:\Users\kyleg\OneDrive, PATHEXT=.COM;.EXE;.BAT;.CMD;.VBS;.VBE;.JS;.JSE;.WSF;.WSH;.MSC;.CPL, CLASSWORLDS_JAR="C:\Program Files\apache-maven-3.5.2\bin\..\boot\plexus-classworlds-2.5.2.jar", WINDIR=C:\WINDOWS, HOMEPATH=\Users\kyleg, PROCESSOR_IDENTIFIER=Intel64 Family 6 Model 158 Stepping 9, GenuineIntel, PUBLIC=C:\Users\Public, VSCODE_NODE_CACHED_DATA_DIR_12088=C:\Users\kyleg\AppData\Roaming\Code\CachedData\f88bbf9137d24d36d968ea6b2911786bfe103002, LOCALAPPDATA=C:\Users\kyleg\AppData\Local, COMMONPROGRAMFILES(X86)=C:\Program Files (x86)\Common Files, USERDOMAIN=MAGENIC, FPS_BROWSER_APP_PROFILE_STRING=Internet Explorer, LOGONSERVER=\\DC-MN1, JAVA_HOME=C:\Program Files\Java\jdk-9.0.4\, PROMPT=$P$G, FSHARPINSTALLDIR=C:\Program Files (x86)\Microsoft SDKs\F#\4.1\Framework\v4.0\, PROGRAMFILES(X86)=C:\Program Files (x86), LANG=en_US.UTF-8, ERROR_CODE=0, EXEC_DIR=C:\Users\kyleg\Documents\Git\Magenic\gs-consuming-rest, =C:=c:\Users\kyleg\Documents\Git\Magenic\gs-consuming-rest, APPDATA=C:\Users\kyleg\AppData\Roaming, PROGRAMW6432=C:\Program Files, SYSTEMROOT=C:\WINDOWS, VSCODE_NODE_CACHED_DATA_DIR_13540=C:\Users\kyleg\AppData\Roaming\Code\CachedData\9a199d77c82fcb82f39c68bb33c614af01c111ba, VSCODE_NODE_CACHED_DATA_DIR_57000=C:\Users\kyleg\AppData\Roaming\Code\CachedData\9a199d77c82fcb82f39c68bb33c614af01c111ba, MAVEN_CMD_LINE_ARGS=test -f c:\Users\kyleg\Documents\Git\Magenic\gs-consuming-rest\pom.xml, VSCODE_CWD=C:\WINDOWS\system32, OS=Windows_NT, TERM_PROGRAM=vscode, COMMONPROGRAMW6432=C:\Program Files\Common Files, COMPUTERNAME=KYLEG-PC1, COMMONPROGRAMFILES=C:\Program Files\Common Files, COMSPEC=C:\WINDOWS\system32\cmd.exe, JAVACMD=C:\Program Files\Java\jdk-9.0.4\\bin\java.exe, MAVEN_PROJECTBASEDIR=c:\Users\kyleg\Documents\Git\Magenic\gs-consuming-rest, PROCESSOR_REVISION=9e09, UATDATA=C:\WINDOWS\CCM\UATData\D9F8C395-CAB8-491d-B8AC-179A1FE1BE77, CLASSWORLDS_LAUNCHER=org.codehaus.plexus.classworlds.launcher.Launcher, TEMP=C:\Users\kyleg\AppData\Local\Temp, HOMEDRIVE=C:, USERPROFILE=C:\Users\kyleg, POM_DIR=c:\Users\kyleg\Documents\Git\Magenic\gs-consuming-rest, TMP=C:\Users\kyleg\AppData\Local\Temp, NUMBER_OF_PROCESSORS=8, JVMCONFIG=\.mvn\jvm.config, VSCODE_IPC_HOOK=\\.\pipe\fa855bed0d0eb402067176bc1f660e6d-1.21.0-main-sock}}]
12:50:26.388 [main] DEBUG org.springframework.core.io.support.PathMatchingResourcePatternResolver - Resolved classpath location [demo/courseapi/course/] to resources [URL [file:/c:/Users/kyleg/Documents/Git/Magenic/gs-consuming-rest/target/test-classes/demo/courseapi/course/]]
12:50:26.388 [main] DEBUG org.springframework.core.io.support.PathMatchingResourcePatternResolver - Looking for matching resources in directory tree [c:\Users\kyleg\Documents\Git\Magenic\gs-consuming-rest\target\test-classes\demo\courseapi\course]
12:50:26.388 [main] DEBUG org.springframework.core.io.support.PathMatchingResourcePatternResolver - Searching directory [c:\Users\kyleg\Documents\Git\Magenic\gs-consuming-rest\target\test-classes\demo\courseapi\course] for files matching pattern [c:/Users/kyleg/Documents/Git/Magenic/gs-consuming-rest/target/test-classes/demo/courseapi/course/*.class]
12:50:26.392 [main] DEBUG org.springframework.core.io.support.PathMatchingResourcePatternResolver - Resolved location pattern [classpath*:demo/courseapi/course/*.class] to resources [file [c:\Users\kyleg\Documents\Git\Magenic\gs-consuming-rest\target\test-classes\demo\courseapi\course\ApplicationTest.class]]
12:50:26.443 [main] DEBUG org.springframework.core.io.support.PathMatchingResourcePatternResolver - Resolved classpath location [demo/courseapi/] to resources [URL [file:/c:/Users/kyleg/Documents/Git/Magenic/gs-consuming-rest/target/test-classes/demo/courseapi/]]
12:50:26.444 [main] DEBUG org.springframework.core.io.support.PathMatchingResourcePatternResolver - Looking for matching resources in directory tree [c:\Users\kyleg\Documents\Git\Magenic\gs-consuming-rest\target\test-classes\demo\courseapi]
12:50:26.444 [main] DEBUG org.springframework.core.io.support.PathMatchingResourcePatternResolver - Searching directory [c:\Users\kyleg\Documents\Git\Magenic\gs-consuming-rest\target\test-classes\demo\courseapi] for files matching pattern [c:/Users/kyleg/Documents/Git/Magenic/gs-consuming-rest/target/test-classes/demo/courseapi/*.class]
12:50:26.444 [main] DEBUG org.springframework.core.io.support.PathMatchingResourcePatternResolver - Resolved location pattern [classpath*:demo/courseapi/*.class] to resources []
12:50:26.445 [main] DEBUG org.springframework.core.io.support.PathMatchingResourcePatternResolver - Resolved classpath location [demo/] to resources [URL [file:/c:/Users/kyleg/Documents/Git/Magenic/gs-consuming-rest/target/test-classes/demo/]]
12:50:26.445 [main] DEBUG org.springframework.core.io.support.PathMatchingResourcePatternResolver - Looking for matching resources in directory tree [c:\Users\kyleg\Documents\Git\Magenic\gs-consuming-rest\target\test-classes\demo]
12:50:26.445 [main] DEBUG org.springframework.core.io.support.PathMatchingResourcePatternResolver - Searching directory [c:\Users\kyleg\Documents\Git\Magenic\gs-consuming-rest\target\test-classes\demo] for files matching pattern [c:/Users/kyleg/Documents/Git/Magenic/gs-consuming-rest/target/test-classes/demo/*.class]
12:50:26.445 [main] DEBUG org.springframework.core.io.support.PathMatchingResourcePatternResolver - Resolved location pattern [classpath*:demo/*.class] to resources []
</system-out>
  </testcase>
</testsuite>